[==========] Running 17 tests from 1 test suite.
[----------] Global test environment set-up.
[----------] 17 tests from configTest
[ RUN      ] configTest.getAddress
[       OK ] configTest.getAddress (0 ms)
[ RUN      ] configTest.getClientID
[       OK ] configTest.getClientID (0 ms)
[ RUN      ] configTest.getMaxBufMsgs_1
[       OK ] configTest.getMaxBufMsgs_1 (0 ms)
[ RUN      ] configTest.getMaxBufMsgs_2
[       OK ] configTest.getMaxBufMsgs_2 (0 ms)
[ RUN      ] configTest.getCleanSession
[       OK ] configTest.getCleanSession (0 ms)
[ RUN      ] configTest.getAutoReconnect
[       OK ] configTest.getAutoReconnect (0 ms)
[ RUN      ] configTest.getKeepAliveTime_1
[       OK ] configTest.getKeepAliveTime_1 (0 ms)
[ RUN      ] configTest.getKeepAliveTime_2
[       OK ] configTest.getKeepAliveTime_2 (0 ms)
[ RUN      ] configTest.getPubTocpicsNames
[       OK ] configTest.getPubTocpicsNames (0 ms)
[ RUN      ] configTest.getPubTocpicsNames_2
[       OK ] configTest.getPubTocpicsNames_2 (0 ms)
[ RUN      ] configTest.getSubTocpicsNames_1
[       OK ] configTest.getSubTocpicsNames_1 (0 ms)
[ RUN      ] configTest.getSubTocpicsNames_2
[       OK ] configTest.getSubTocpicsNames_2 (0 ms)
[ RUN      ] configTest.getNumberOfRpis_1
[       OK ] configTest.getNumberOfRpis_1 (0 ms)
[ RUN      ] configTest.getNumberOfRpis_2
[       OK ] configTest.getNumberOfRpis_2 (0 ms)
[ RUN      ] configTest.getQualityOfService_1
[       OK ] configTest.getQualityOfService_1 (0 ms)
[ RUN      ] configTest.getQualityOfService_2
[       OK ] configTest.getQualityOfService_2 (0 ms)
[ RUN      ] configTest.getRetainedFlag_2
[       OK ] configTest.getRetainedFlag_2 (0 ms)
[----------] 17 tests from configTest (1 ms total)

[----------] Global test environment tear-down
[==========] 17 tests from 1 test suite ran. (2 ms total)
[  PASSED  ] 17 tests.
